<?xml version="1.0" encoding="UTF-8"?>
<!-- Generated by org.testng.reporters.JUnitXMLReporter -->
<testsuite hostname="ATMECSINDT-027" name="Default test" tests="2" failures="0" timestamp="28 Sep 2017 11:27:47 GMT" time="5.205" errors="0">
  <testcase name="test_get_app_info_wrongfitoken" time="2.638" classname="com.ondot.automation.TestDemo.testscript.getappinfo.Test_GetAppInfo_WrongFIToken"/>
  <testcase name="test_get_app_info_wrongfitoken" time="2.523" classname="com.ondot.automation.TestDemo.testscript.getappinfo.Test_GetAppInfo_WrongFIToken"/>
</testsuite> <!-- Default test -->
