<?xml version="1.0" encoding="UTF-8"?>
<testng-results skipped="0" failed="0" total="0" passed="0">
  <reporter-output>
  </reporter-output>
  <suite name="com.ondot.automation.TestDemo.test.SampleTest" duration-ms="3" started-at="2017-09-28T13:49:19Z" finished-at="2017-09-28T13:49:19Z">
    <groups>
    </groups>
    <test name="Command line test" duration-ms="3" started-at="2017-09-28T13:49:19Z" finished-at="2017-09-28T13:49:19Z">
    </test> <!-- Command line test -->
  </suite> <!-- com.ondot.automation.TestDemo.test.SampleTest -->
</testng-results>
