<?xml version="1.0" encoding="UTF-8"?>
<!-- Generated by org.testng.reporters.JUnitXMLReporter -->
<testsuite hostname="ATMECSINDT-027" name="SampleTestCase" tests="9" failures="0" timestamp="28 Sep 2017 13:49:32 GMT" time="11.158" errors="0">
  <testcase name="test_register_valid_user" time="2.455" classname="com.ondot.automation.TestDemo.testscript.registervaliduser.Test_RegisterValidUser"/>
  <testcase name="test_register_valid_user" time="1.047" classname="com.ondot.automation.TestDemo.testscript.registervaliduser.Test_RegisterValidUser"/>
  <testcase name="test_register_valid_user" time="1.235" classname="com.ondot.automation.TestDemo.testscript.registervaliduser.Test_RegisterValidUser"/>
  <testcase name="testregister_valid_user_wrongapptoken" time="0.954" classname="com.ondot.automation.TestDemo.testscript.registervaliduser.Test_RegisterValidUser_WrongAppToken"/>
  <testcase name="testregister_valid_user_wrongapptoken" time="0.949" classname="com.ondot.automation.TestDemo.testscript.registervaliduser.Test_RegisterValidUser_WrongAppToken"/>
  <testcase name="testregister_valid_user_wrongapptoken" time="1.195" classname="com.ondot.automation.TestDemo.testscript.registervaliduser.Test_RegisterValidUser_WrongAppToken"/>
  <testcase name="testfitoken" time="1.199" classname="com.ondot.automation.TestDemo.testscript.registervaliduser.Test_RegisterValidUser_WrongFIToken"/>
  <testcase name="testfitoken" time="1.163" classname="com.ondot.automation.TestDemo.testscript.registervaliduser.Test_RegisterValidUser_WrongFIToken"/>
  <testcase name="testfitoken" time="0.933" classname="com.ondot.automation.TestDemo.testscript.registervaliduser.Test_RegisterValidUser_WrongFIToken"/>
</testsuite> <!-- SampleTestCase -->
